<?xml version="1.0" encoding="UTF-8"?>
<coverage generated="1772250492680" clover="3.2.0">
  <project timestamp="1772250492680" name="All files">
    <metrics statements="41" coveredstatements="41" conditionals="27" coveredconditionals="26" methods="13" coveredmethods="13" elements="81" coveredelements="80" complexity="0" loc="41" ncloc="41" packages="2" files="2" classes="2"/>
    <package name="createScrollRestoration">
      <metrics statements="34" coveredstatements="34" conditionals="25" coveredconditionals="24" methods="10" coveredmethods="10"/>
      <file name="createScrollRestoration.ts" path="C:\Users\jpcut\OneDrive\Documents\GitHub\solid-scroll-restoration\src\createScrollRestoration\createScrollRestoration.ts">
        <metrics statements="34" coveredstatements="34" conditionals="25" coveredconditionals="24" methods="10" coveredmethods="10"/>
        <line num="20" count="13" type="stmt"/>
        <line num="24" count="30" type="stmt"/>
        <line num="25" count="30" type="stmt"/>
        <line num="27" count="13" type="stmt"/>
        <line num="28" count="13" type="stmt"/>
        <line num="29" count="13" type="cond" truecount="2" falsecount="0"/>
        <line num="31" count="12" type="stmt"/>
        <line num="32" count="5" type="stmt"/>
        <line num="33" count="5" type="stmt"/>
        <line num="35" count="5" type="stmt"/>
        <line num="41" count="12" type="stmt"/>
        <line num="42" count="12" type="stmt"/>
        <line num="43" count="12" type="stmt"/>
        <line num="47" count="13" type="stmt"/>
        <line num="48" count="30" type="stmt"/>
        <line num="49" count="30" type="cond" truecount="2" falsecount="0"/>
        <line num="51" count="29" type="cond" truecount="2" falsecount="0"/>
        <line num="52" count="17" type="stmt"/>
        <line num="57" count="12" type="stmt"/>
        <line num="62" count="12" type="cond" truecount="2" falsecount="0"/>
        <line num="63" count="3" type="stmt"/>
        <line num="66" count="3" type="cond" truecount="2" falsecount="0"/>
        <line num="67" count="2" type="stmt"/>
        <line num="71" count="12" type="cond" truecount="2" falsecount="0"/>
        <line num="72" count="3" type="stmt"/>
        <line num="75" count="3" type="cond" truecount="2" falsecount="0"/>
        <line num="76" count="2" type="stmt"/>
        <line num="80" count="12" type="stmt"/>
        <line num="87" count="13" type="stmt"/>
        <line num="88" count="15" type="cond" truecount="4" falsecount="0"/>
        <line num="90" count="8" type="cond" truecount="2" falsecount="0"/>
        <line num="91" count="4" type="stmt"/>
        <line num="95" count="4" type="cond" truecount="1" falsecount="1"/>
        <line num="96" count="4" type="stmt"/>
      </file>
    </package>
    <package name="utils">
      <metrics statements="7" coveredstatements="7" conditionals="2" coveredconditionals="2" methods="3" coveredmethods="3"/>
      <file name="debounce.ts" path="C:\Users\jpcut\OneDrive\Documents\GitHub\solid-scroll-restoration\src\utils\debounce.ts">
        <metrics statements="7" coveredstatements="7" conditionals="2" coveredconditionals="2" methods="3" coveredmethods="3"/>
        <line num="6" count="1" type="stmt"/>
        <line num="9" count="12" type="stmt"/>
        <line num="10" count="7" type="cond" truecount="2" falsecount="0"/>
        <line num="11" count="2" type="stmt"/>
        <line num="14" count="7" type="stmt"/>
        <line num="15" count="5" type="stmt"/>
        <line num="16" count="5" type="stmt"/>
      </file>
    </package>
  </project>
</coverage>
