{"C:\\Users\\jpcut\\OneDrive\\Documents\\GitHub\\solid-scroll-restoration\\src\\createScrollRestoration\\createScrollRestoration.ts": {"path":"C:\\Users\\jpcut\\OneDrive\\Documents\\GitHub\\solid-scroll-restoration\\src\\createScrollRestoration\\createScrollRestoration.ts","statementMap":{"0":{"start":{"line":20,"column":48},"end":{"line":22,"column":null}},"1":{"start":{"line":24,"column":8},"end":{"line":24,"column":null}},"2":{"start":{"line":24,"column":52},"end":{"line":24,"column":78}},"3":{"start":{"line":25,"column":8},"end":{"line":25,"column":null}},"4":{"start":{"line":25,"column":42},"end":{"line":25,"column":70}},"5":{"start":{"line":27,"column":2},"end":{"line":45,"column":null}},"6":{"start":{"line":28,"column":15},"end":{"line":28,"column":null}},"7":{"start":{"line":29,"column":4},"end":{"line":29,"column":null}},"8":{"start":{"line":29,"column":13},"end":{"line":29,"column":null}},"9":{"start":{"line":31,"column":10},"end":{"line":39,"column":null}},"10":{"start":{"line":32,"column":24},"end":{"line":32,"column":null}},"11":{"start":{"line":33,"column":25},"end":{"line":33,"column":null}},"12":{"start":{"line":35,"column":6},"end":{"line":38,"column":null}},"13":{"start":{"line":35,"column":55},"end":{"line":38,"column":8}},"14":{"start":{"line":41,"column":4},"end":{"line":41,"column":null}},"15":{"start":{"line":42,"column":4},"end":{"line":44,"column":null}},"16":{"start":{"line":43,"column":6},"end":{"line":43,"column":null}},"17":{"start":{"line":47,"column":2},"end":{"line":85,"column":null}},"18":{"start":{"line":48,"column":15},"end":{"line":48,"column":null}},"19":{"start":{"line":49,"column":4},"end":{"line":49,"column":null}},"20":{"start":{"line":49,"column":13},"end":{"line":49,"column":null}},"21":{"start":{"line":51,"column":4},"end":{"line":84,"column":null}},"22":{"start":{"line":52,"column":6},"end":{"line":55,"column":null}},"23":{"start":{"line":57,"column":37},"end":{"line":60,"column":null}},"24":{"start":{"line":62,"column":6},"end":{"line":69,"column":null}},"25":{"start":{"line":63,"column":39},"end":{"line":65,"column":null}},"26":{"start":{"line":66,"column":8},"end":{"line":68,"column":null}},"27":{"start":{"line":67,"column":10},"end":{"line":67,"column":null}},"28":{"start":{"line":71,"column":6},"end":{"line":78,"column":null}},"29":{"start":{"line":72,"column":39},"end":{"line":74,"column":null}},"30":{"start":{"line":75,"column":8},"end":{"line":77,"column":null}},"31":{"start":{"line":76,"column":10},"end":{"line":76,"column":null}},"32":{"start":{"line":80,"column":6},"end":{"line":83,"column":null}},"33":{"start":{"line":80,"column":55},"end":{"line":83,"column":8}},"34":{"start":{"line":87,"column":2},"end":{"line":101,"column":null}},"35":{"start":{"line":88,"column":4},"end":{"line":88,"column":null}},"36":{"start":{"line":88,"column":49},"end":{"line":88,"column":null}},"37":{"start":{"line":90,"column":4},"end":{"line":100,"column":null}},"38":{"start":{"line":91,"column":6},"end":{"line":94,"column":null}},"39":{"start":{"line":95,"column":4},"end":{"line":100,"column":null}},"40":{"start":{"line":96,"column":6},"end":{"line":99,"column":null}}},"fnMap":{"0":{"name":"createScrollRestoration","decl":{"start":{"line":15,"column":24},"end":{"line":15,"column":null}},"loc":{"start":{"line":19,"column":2},"end":{"line":102,"column":null}},"line":19},"1":{"name":"(anonymous_1)","decl":{"start":{"line":24,"column":46},"end":{"line":24,"column":52}},"loc":{"start":{"line":24,"column":52},"end":{"line":24,"column":78}},"line":24},"2":{"name":"(anonymous_2)","decl":{"start":{"line":25,"column":36},"end":{"line":25,"column":42}},"loc":{"start":{"line":25,"column":42},"end":{"line":25,"column":70}},"line":25},"3":{"name":"(anonymous_3)","decl":{"start":{"line":27,"column":15},"end":{"line":27,"column":21}},"loc":{"start":{"line":27,"column":21},"end":{"line":45,"column":3}},"line":27},"4":{"name":"(anonymous_4)","decl":{"start":{"line":31,"column":34},"end":{"line":31,"column":40}},"loc":{"start":{"line":31,"column":40},"end":{"line":39,"column":7}},"line":31},"5":{"name":"(anonymous_5)","decl":{"start":{"line":35,"column":27},"end":{"line":35,"column":28}},"loc":{"start":{"line":35,"column":55},"end":{"line":38,"column":8}},"line":35},"6":{"name":"(anonymous_6)","decl":{"start":{"line":42,"column":14},"end":{"line":42,"column":20}},"loc":{"start":{"line":42,"column":20},"end":{"line":44,"column":5}},"line":42},"7":{"name":"(anonymous_7)","decl":{"start":{"line":47,"column":15},"end":{"line":47,"column":21}},"loc":{"start":{"line":47,"column":21},"end":{"line":85,"column":3}},"line":47},"8":{"name":"(anonymous_8)","decl":{"start":{"line":80,"column":27},"end":{"line":80,"column":28}},"loc":{"start":{"line":80,"column":55},"end":{"line":83,"column":8}},"line":80},"9":{"name":"(anonymous_9)","decl":{"start":{"line":87,"column":15},"end":{"line":87,"column":21}},"loc":{"start":{"line":87,"column":21},"end":{"line":101,"column":3}},"line":87}},"branchMap":{"0":{"loc":{"start":{"line":18,"column":2},"end":{"line":18,"column":null}},"type":"default-arg","locations":[{"start":{"line":18,"column":70},"end":{"line":18,"column":null}}],"line":18},"1":{"loc":{"start":{"line":18,"column":4},"end":{"line":18,"column":24}},"type":"default-arg","locations":[{"start":{"line":18,"column":19},"end":{"line":18,"column":24}}],"line":18},"2":{"loc":{"start":{"line":18,"column":24},"end":{"line":18,"column":40}},"type":"default-arg","locations":[{"start":{"line":18,"column":34},"end":{"line":18,"column":40}}],"line":18},"3":{"loc":{"start":{"line":29,"column":4},"end":{"line":29,"column":null}},"type":"if","locations":[{"start":{"line":29,"column":4},"end":{"line":29,"column":null}},{"start":{},"end":{}}],"line":29},"4":{"loc":{"start":{"line":49,"column":4},"end":{"line":49,"column":null}},"type":"if","locations":[{"start":{"line":49,"column":4},"end":{"line":49,"column":null}},{"start":{},"end":{}}],"line":49},"5":{"loc":{"start":{"line":51,"column":4},"end":{"line":84,"column":null}},"type":"if","locations":[{"start":{"line":51,"column":4},"end":{"line":84,"column":null}},{"start":{"line":56,"column":11},"end":{"line":84,"column":null}}],"line":51},"6":{"loc":{"start":{"line":62,"column":6},"end":{"line":69,"column":null}},"type":"if","locations":[{"start":{"line":62,"column":6},"end":{"line":69,"column":null}},{"start":{},"end":{}}],"line":62},"7":{"loc":{"start":{"line":66,"column":8},"end":{"line":68,"column":null}},"type":"if","locations":[{"start":{"line":66,"column":8},"end":{"line":68,"column":null}},{"start":{},"end":{}}],"line":66},"8":{"loc":{"start":{"line":71,"column":6},"end":{"line":78,"column":null}},"type":"if","locations":[{"start":{"line":71,"column":6},"end":{"line":78,"column":null}},{"start":{},"end":{}}],"line":71},"9":{"loc":{"start":{"line":75,"column":8},"end":{"line":77,"column":null}},"type":"if","locations":[{"start":{"line":75,"column":8},"end":{"line":77,"column":null}},{"start":{},"end":{}}],"line":75},"10":{"loc":{"start":{"line":88,"column":4},"end":{"line":88,"column":null}},"type":"if","locations":[{"start":{"line":88,"column":4},"end":{"line":88,"column":null}},{"start":{},"end":{}}],"line":88},"11":{"loc":{"start":{"line":88,"column":8},"end":{"line":88,"column":49}},"type":"binary-expr","locations":[{"start":{"line":88,"column":8},"end":{"line":88,"column":20}},{"start":{"line":88,"column":20},"end":{"line":88,"column":49}}],"line":88},"12":{"loc":{"start":{"line":90,"column":4},"end":{"line":100,"column":null}},"type":"if","locations":[{"start":{"line":90,"column":4},"end":{"line":100,"column":null}},{"start":{"line":95,"column":4},"end":{"line":100,"column":null}}],"line":90},"13":{"loc":{"start":{"line":95,"column":4},"end":{"line":100,"column":null}},"type":"if","locations":[{"start":{"line":95,"column":4},"end":{"line":100,"column":null}},{"start":{},"end":{}}],"line":95}},"s":{"0":13,"1":13,"2":30,"3":13,"4":30,"5":13,"6":13,"7":13,"8":1,"9":12,"10":5,"11":5,"12":5,"13":5,"14":12,"15":12,"16":12,"17":13,"18":30,"19":30,"20":1,"21":29,"22":17,"23":12,"24":12,"25":3,"26":3,"27":2,"28":12,"29":3,"30":3,"31":2,"32":12,"33":12,"34":13,"35":15,"36":7,"37":8,"38":4,"39":4,"40":4},"f":{"0":13,"1":30,"2":30,"3":13,"4":5,"5":5,"6":12,"7":30,"8":12,"9":15},"b":{"0":[13],"1":[13],"2":[13],"3":[1,12],"4":[1,29],"5":[17,12],"6":[3,9],"7":[2,1],"8":[3,9],"9":[2,1],"10":[7,8],"11":[15,8],"12":[4,4],"13":[4,0]},"meta":{"lastBranch":14,"lastFunction":10,"lastStatement":41,"seen":{"f:15:24:15:Infinity":0,"b:18:70:18:Infinity":0,"b:18:19:18:24":1,"b:18:34:18:40":2,"s:20:48:22:Infinity":0,"s:24:8:24:Infinity":1,"f:24:46:24:52":1,"s:24:52:24:78":2,"s:25:8:25:Infinity":3,"f:25:36:25:42":2,"s:25:42:25:70":4,"s:27:2:45:Infinity":5,"f:27:15:27:21":3,"s:28:15:28:Infinity":6,"b:29:4:29:Infinity:undefined:undefined:undefined:undefined":3,"s:29:4:29:Infinity":7,"s:29:13:29:Infinity":8,"s:31:10:39:Infinity":9,"f:31:34:31:40":4,"s:32:24:32:Infinity":10,"s:33:25:33:Infinity":11,"s:35:6:38:Infinity":12,"f:35:27:35:28":5,"s:35:55:38:8":13,"s:41:4:41:Infinity":14,"s:42:4:44:Infinity":15,"f:42:14:42:20":6,"s:43:6:43:Infinity":16,"s:47:2:85:Infinity":17,"f:47:15:47:21":7,"s:48:15:48:Infinity":18,"b:49:4:49:Infinity:undefined:undefined:undefined:undefined":4,"s:49:4:49:Infinity":19,"s:49:13:49:Infinity":20,"b:51:4:84:Infinity:56:11:84:Infinity":5,"s:51:4:84:Infinity":21,"s:52:6:55:Infinity":22,"s:57:37:60:Infinity":23,"b:62:6:69:Infinity:undefined:undefined:undefined:undefined":6,"s:62:6:69:Infinity":24,"s:63:39:65:Infinity":25,"b:66:8:68:Infinity:undefined:undefined:undefined:undefined":7,"s:66:8:68:Infinity":26,"s:67:10:67:Infinity":27,"b:71:6:78:Infinity:undefined:undefined:undefined:undefined":8,"s:71:6:78:Infinity":28,"s:72:39:74:Infinity":29,"b:75:8:77:Infinity:undefined:undefined:undefined:undefined":9,"s:75:8:77:Infinity":30,"s:76:10:76:Infinity":31,"s:80:6:83:Infinity":32,"f:80:27:80:28":8,"s:80:55:83:8":33,"s:87:2:101:Infinity":34,"f:87:15:87:21":9,"b:88:4:88:Infinity:undefined:undefined:undefined:undefined":10,"s:88:4:88:Infinity":35,"b:88:8:88:20:88:20:88:49":11,"s:88:49:88:Infinity":36,"b:90:4:100:Infinity:95:4:100:Infinity":12,"s:90:4:100:Infinity":37,"s:91:6:94:Infinity":38,"b:95:4:100:Infinity:undefined:undefined:undefined:undefined":13,"s:95:4:100:Infinity":39,"s:96:6:99:Infinity":40}}}
,"C:\\Users\\jpcut\\OneDrive\\Documents\\GitHub\\solid-scroll-restoration\\src\\utils\\debounce.ts": {"path":"C:\\Users\\jpcut\\OneDrive\\Documents\\GitHub\\solid-scroll-restoration\\src\\utils\\debounce.ts","statementMap":{"0":{"start":{"line":6,"column":42},"end":{"line":19,"column":null}},"1":{"start":{"line":9,"column":2},"end":{"line":18,"column":null}},"2":{"start":{"line":10,"column":4},"end":{"line":12,"column":null}},"3":{"start":{"line":11,"column":6},"end":{"line":11,"column":null}},"4":{"start":{"line":14,"column":4},"end":{"line":17,"column":null}},"5":{"start":{"line":15,"column":6},"end":{"line":15,"column":null}},"6":{"start":{"line":16,"column":6},"end":{"line":16,"column":null}}},"fnMap":{"0":{"name":"(anonymous_0)","decl":{"start":{"line":6,"column":42},"end":{"line":6,"column":43}},"loc":{"start":{"line":6,"column":59},"end":{"line":19,"column":null}},"line":6},"1":{"name":"(anonymous_1)","decl":{"start":{"line":9,"column":9},"end":{"line":9,"column":13}},"loc":{"start":{"line":9,"column":22},"end":{"line":18,"column":null}},"line":9},"2":{"name":"(anonymous_2)","decl":{"start":{"line":14,"column":27},"end":{"line":14,"column":33}},"loc":{"start":{"line":14,"column":33},"end":{"line":17,"column":7}},"line":14}},"branchMap":{"0":{"loc":{"start":{"line":10,"column":4},"end":{"line":12,"column":null}},"type":"if","locations":[{"start":{"line":10,"column":4},"end":{"line":12,"column":null}},{"start":{},"end":{}}],"line":10}},"s":{"0":1,"1":12,"2":7,"3":2,"4":7,"5":5,"6":5},"f":{"0":12,"1":7,"2":5},"b":{"0":[2,5]},"meta":{"lastBranch":1,"lastFunction":3,"lastStatement":7,"seen":{"s:6:42:19:Infinity":0,"f:6:42:6:43":0,"s:9:2:18:Infinity":1,"f:9:9:9:13":1,"b:10:4:12:Infinity:undefined:undefined:undefined:undefined":0,"s:10:4:12:Infinity":2,"s:11:6:11:Infinity":3,"s:14:4:17:Infinity":4,"f:14:27:14:33":2,"s:15:6:15:Infinity":5,"s:16:6:16:Infinity":6}}}
}
